2022-05-23 22:20:30 [Tencent.pipelines] ERROR: 'requests'
2022-05-23 22:20:30 [Tencent.pipelines] ERROR: 'requests'
2022-05-23 22:20:30 [Tencent.pipelines] ERROR: 'requests'
2022-05-23 22:20:30 [Tencent.pipelines] ERROR: 'requests'
2022-05-23 22:20:30 [Tencent.pipelines] ERROR: 'requests'
2022-05-23 22:20:30 [Tencent.pipelines] ERROR: 'requests'
2022-05-23 22:20:30 [Tencent.pipelines] ERROR: 'requests'
2022-05-23 22:20:30 [Tencent.pipelines] ERROR: 'requests'
2022-05-23 22:20:30 [Tencent.pipelines] ERROR: 'requests'
2022-05-23 22:20:30 [Tencent.pipelines] ERROR: 'requests'
2022-05-23 22:20:30 [Tencent.pipelines] ERROR: 'requests'
2022-05-23 22:20:30 [Tencent.pipelines] ERROR: 'requests'
2022-05-23 22:20:30 [Tencent.pipelines] ERROR: 'requests'
2022-05-23 22:20:31 [Tencent.pipelines] ERROR: 'requests'
2022-05-23 22:20:31 [Tencent.pipelines] ERROR: 'requests'
2022-05-23 22:20:31 [Tencent.pipelines] ERROR: 'requests'
2022-05-23 22:20:31 [Tencent.pipelines] ERROR: 'requests'
2022-05-23 22:20:31 [Tencent.pipelines] ERROR: 'requests'
2022-05-23 22:20:31 [Tencent.pipelines] ERROR: 'requests'
2022-05-23 22:20:31 [Tencent.pipelines] ERROR: 'requests'
2022-05-23 22:20:31 [Tencent.pipelines] ERROR: 'requests'
2022-05-23 22:20:31 [Tencent.pipelines] ERROR: 'requests'
2022-05-23 22:20:31 [Tencent.pipelines] ERROR: 'requests'
2022-05-23 22:20:31 [Tencent.pipelines] ERROR: 'requests'
2022-05-23 22:20:31 [Tencent.pipelines] ERROR: 'requests'
2022-05-23 22:20:31 [Tencent.pipelines] ERROR: 'requests'
2022-05-23 22:20:31 [Tencent.pipelines] ERROR: 'requests'
2022-05-23 22:20:31 [Tencent.pipelines] ERROR: 'requests'
2022-05-23 22:20:31 [Tencent.pipelines] ERROR: 'requests'
2022-05-23 22:20:31 [Tencent.pipelines] ERROR: 'requests'
2022-05-23 22:20:31 [Tencent.pipelines] ERROR: 'requests'
2022-05-23 22:20:31 [Tencent.pipelines] ERROR: 'requests'
2022-05-23 22:20:31 [Tencent.pipelines] ERROR: 'requests'
2022-05-23 22:20:31 [Tencent.pipelines] ERROR: 'requests'
2022-05-23 22:20:31 [Tencent.pipelines] ERROR: 'requests'
2022-05-23 22:20:31 [Tencent.pipelines] ERROR: 'requests'
2022-05-23 22:20:31 [Tencent.pipelines] ERROR: 'requests'
2022-05-23 22:20:31 [Tencent.pipelines] ERROR: 'requests'
2022-05-23 22:20:31 [Tencent.pipelines] ERROR: 'requests'
2022-05-23 22:20:31 [Tencent.pipelines] ERROR: 'requests'
2022-05-23 22:20:31 [Tencent.pipelines] ERROR: 'requests'
2022-05-23 22:20:31 [Tencent.pipelines] ERROR: 'requests'
2022-05-23 22:20:31 [Tencent.pipelines] ERROR: 'requests'
2022-05-23 22:20:31 [Tencent.pipelines] ERROR: 'requests'
2022-05-23 22:20:31 [Tencent.pipelines] ERROR: 'requests'
2022-05-23 22:20:31 [Tencent.pipelines] ERROR: 'requests'
2022-05-23 22:20:31 [Tencent.pipelines] ERROR: 'requests'
2022-05-23 22:20:31 [Tencent.pipelines] ERROR: 'requests'
2022-05-23 22:20:31 [Tencent.pipelines] ERROR: 'requests'
2022-05-23 22:20:31 [Tencent.pipelines] ERROR: 'requests'
2022-05-23 22:20:31 [Tencent.pipelines] ERROR: 'requests'
2022-05-23 22:20:31 [Tencent.pipelines] ERROR: 'requests'
2022-05-23 22:20:31 [Tencent.pipelines] ERROR: 'requests'
2022-05-23 22:20:31 [Tencent.pipelines] ERROR: 'requests'
2022-05-23 22:20:31 [Tencent.pipelines] ERROR: 'requests'
2022-05-23 22:20:31 [Tencent.pipelines] ERROR: 'requests'
2022-05-23 22:20:31 [Tencent.pipelines] ERROR: 'requests'
2022-05-23 22:20:31 [Tencent.pipelines] ERROR: 'requests'
2022-05-23 22:20:31 [Tencent.pipelines] ERROR: 'requests'
2022-05-23 22:20:31 [Tencent.pipelines] ERROR: 'requests'
2022-05-23 22:20:31 [Tencent.pipelines] ERROR: 'requests'
2022-05-23 22:20:31 [Tencent.pipelines] ERROR: 'requests'
2022-05-23 22:20:31 [Tencent.pipelines] ERROR: 'requests'
2022-05-23 22:20:31 [Tencent.pipelines] ERROR: 'requests'
2022-05-23 22:20:31 [Tencent.pipelines] ERROR: 'requests'
2022-05-23 22:20:31 [Tencent.pipelines] ERROR: 'requests'
2022-05-23 22:20:31 [Tencent.pipelines] ERROR: 'requests'
2022-05-23 22:20:31 [Tencent.pipelines] ERROR: 'requests'
2022-05-23 22:20:31 [Tencent.pipelines] ERROR: 'requests'
2022-05-23 22:20:31 [Tencent.pipelines] ERROR: 'requests'
2022-05-23 22:20:31 [Tencent.pipelines] ERROR: 'requests'
2022-05-23 22:20:31 [Tencent.pipelines] ERROR: 'requests'
2022-05-23 22:20:31 [Tencent.pipelines] ERROR: 'requests'
2022-05-23 22:20:31 [Tencent.pipelines] ERROR: 'requests'
2022-05-23 22:20:31 [Tencent.pipelines] ERROR: 'requests'
2022-05-23 22:20:31 [Tencent.pipelines] ERROR: 'requests'
2022-05-23 22:20:31 [Tencent.pipelines] ERROR: 'requests'
2022-05-23 22:20:31 [Tencent.pipelines] ERROR: 'requests'
2022-05-23 22:20:31 [Tencent.pipelines] ERROR: 'requests'
2022-05-23 22:20:31 [Tencent.pipelines] ERROR: 'requests'
2022-05-23 22:22:50 [Tencent.pipelines] ERROR: (1064, "You have an error in your SQL syntax; check the manual that corresponds to your MySQL server version for the right syntax to use near '负责系统架构、开发框架和开发工具的建设与优化；\n负责系' at line 2")
2022-05-23 22:22:50 [Tencent.pipelines] ERROR: (1064, "You have an error in your SQL syntax; check the manual that corresponds to your MySQL server version for the right syntax to use near '负责腾讯云开源和自研数据库（OLTP/OLAP）的架构设计和后台' at line 1")
2022-05-23 22:22:50 [Tencent.pipelines] ERROR: (1064, "You have an error in your SQL syntax; check the manual that corresponds to your MySQL server version for the right syntax to use near '撰写产品文档、解决方案，对其他团队进行赋能； \n沟通客户' at line 2")
2022-05-23 22:22:50 [Tencent.pipelines] ERROR: (1064, "You have an error in your SQL syntax; check the manual that corresponds to your MySQL server version for the right syntax to use near '负责腾讯云开源和自研数据库（OLTP/OLAP）的架构设计和后台' at line 1")
2022-05-23 22:22:50 [Tencent.pipelines] ERROR: (1064, "You have an error in your SQL syntax; check the manual that corresponds to your MySQL server version for the right syntax to use near '2、协助客户完成专有云平台的性能优化，性能提升，版本升' at line 2")
2022-05-23 22:22:50 [Tencent.pipelines] ERROR: (1064, "You have an error in your SQL syntax; check the manual that corresponds to your MySQL server version for the right syntax to use near '与产品、设计、后端等上下游团队紧密配合构建技术通路； \n' at line 2")
2022-05-23 22:22:50 [Tencent.pipelines] ERROR: (1064, "You have an error in your SQL syntax; check the manual that corresponds to your MySQL server version for the right syntax to use near '游戏相关引擎功能的修改和扩展，及游戏相关工具链的开发' at line 2")
2022-05-23 22:22:50 [Tencent.pipelines] ERROR: (1064, "You have an error in your SQL syntax; check the manual that corresponds to your MySQL server version for the right syntax to use near '（深圳）,负责游戏中引擎特性的研发，根据需求定制引擎底' at line 1")
2022-05-23 22:22:50 [Tencent.pipelines] ERROR: (1064, "You have an error in your SQL syntax; check the manual that corresponds to your MySQL server version for the right syntax to use near '负责游戏服务器的架构设计以及调优；\n负责游戏服务器的整' at line 2")
2022-05-23 22:22:50 [Tencent.pipelines] ERROR: (1064, "You have an error in your SQL syntax; check the manual that corresponds to your MySQL server version for the right syntax to use near '负责游戏中的关键技术预研，快速学习、掌握相关技术方案' at line 2")
2022-05-23 22:22:51 [Tencent.pipelines] ERROR: (1064, "You have an error in your SQL syntax; check the manual that corresponds to your MySQL server version for the right syntax to use near '2、开发UI组件库\n3、基于X5内核开发PoC Demo\n4、C2B产品小程序开' at line 2")
2022-05-23 22:22:51 [Tencent.pipelines] ERROR: (1064, "You have an error in your SQL syntax; check the manual that corresponds to your MySQL server version for the right syntax to use near 'OpenStack ）；\n开发和维护运行在数十万宿主机上的虚拟化 Agent' at line 1")
2022-05-23 22:22:51 [Tencent.pipelines] ERROR: (1064, "You have an error in your SQL syntax; check the manual that corresponds to your MySQL server version for the right syntax to use near '负责高并发服务开发、监控系统开发、海量数据处理集群建' at line 2")
2022-05-23 22:22:51 [Tencent.pipelines] ERROR: (1064, "You have an error in your SQL syntax; check the manual that corresponds to your MySQL server version for the right syntax to use near 'Lead（CSIG全资子公司）（武汉）,1、负责腾讯云网络控制面开' at line 1")
2022-05-23 22:22:51 [Tencent.pipelines] ERROR: (1064, "You have an error in your SQL syntax; check the manual that corresponds to your MySQL server version for the right syntax to use near '（西安）,1、负责腾讯云网络控制面开发，确保百万级VPC、亿' at line 1")
2022-05-23 22:22:51 [Tencent.pipelines] ERROR: (1064, "You have an error in your SQL syntax; check the manual that corresponds to your MySQL server version for the right syntax to use near 'Lead（CSIG全资子公司）（武汉）,1、负责腾讯云网络专线等产' at line 1")
2022-05-23 22:22:51 [Tencent.pipelines] ERROR: (1064, "You have an error in your SQL syntax; check the manual that corresponds to your MySQL server version for the right syntax to use near 'Lead（CSIG全资子公司）（武汉）,负责腾讯云中间件微服务产' at line 1")
2022-05-23 22:22:51 [Tencent.pipelines] ERROR: (1064, "You have an error in your SQL syntax; check the manual that corresponds to your MySQL server version for the right syntax to use near '（CSIG全资子公司）,1.参与金融系统后端架构的设计与开发工' at line 1")
2022-05-23 22:22:51 [Tencent.pipelines] ERROR: (1064, "You have an error in your SQL syntax; check the manual that corresponds to your MySQL server version for the right syntax to use near '负责腾讯云网络产品的现网日常运营工作；\n2. 负责客户网络' at line 1")
2022-05-23 22:22:51 [Tencent.pipelines] ERROR: (1064, "You have an error in your SQL syntax; check the manual that corresponds to your MySQL server version for the right syntax to use near '负责分布式存储系统平台的研发\n2. 跟进现网运营质量问题、' at line 1")
2022-05-23 22:22:51 [Tencent.pipelines] ERROR: (1064, "You have an error in your SQL syntax; check the manual that corresponds to your MySQL server version for the right syntax to use near '运营分析、监控告警、运维自动化等平台及其组件的设计、' at line 1")
2022-05-23 22:22:51 [Tencent.pipelines] ERROR: (1064, "You have an error in your SQL syntax; check the manual that corresponds to your MySQL server version for the right syntax to use near '负责腾讯云虚拟化网络运营/运维体系建设。\n,本科及以上学' at line 2")
2022-05-23 22:22:51 [Tencent.pipelines] ERROR: (1064, "You have an error in your SQL syntax; check the manual that corresponds to your MySQL server version for the right syntax to use near '负责渲染流程以及算法的优化，保障产品的渲染性能；\n负责' at line 2")
2022-05-23 22:22:51 [Tencent.pipelines] ERROR: (1064, "You have an error in your SQL syntax; check the manual that corresponds to your MySQL server version for the right syntax to use near '负责腾讯云计算产品：CVM/CDH/AS/LH 等基础产品的开发和维护工' at line 1")
2022-05-23 22:22:51 [Tencent.pipelines] ERROR: (1064, "You have an error in your SQL syntax; check the manual that corresponds to your MySQL server version for the right syntax to use near '负责实现突破web多终端设备限制，为更多用户群体提供更好' at line 2")
2022-05-23 22:22:51 [Tencent.pipelines] ERROR: (1064, "You have an error in your SQL syntax; check the manual that corresponds to your MySQL server version for the right syntax to use near '分析理解项目开发中不同部门在研发流程上的痛点，一起探' at line 1")
2022-05-23 22:22:51 [Tencent.pipelines] ERROR: (1064, "You have an error in your SQL syntax; check the manual that corresponds to your MySQL server version for the right syntax to use near '根据云计算平台的业务需求，完成腾讯云中间件产品的架构' at line 2")
2022-05-23 22:22:51 [Tencent.pipelines] ERROR: (1064, "You have an error in your SQL syntax; check the manual that corresponds to your MySQL server version for the right syntax to use near '与策划、美术密切配合，进行各种必要的尝试和探索，以使' at line 2")
2022-05-23 22:22:51 [Tencent.pipelines] ERROR: (1064, "You have an error in your SQL syntax; check the manual that corresponds to your MySQL server version for the right syntax to use near 'DevOps 研发工程师（CSIG子公司）（ 西安/武汉）,腾讯云专有云' at line 1")
2022-05-23 22:22:51 [Tencent.pipelines] ERROR: (1064, "You have an error in your SQL syntax; check the manual that corresponds to your MySQL server version for the right syntax to use near '参与云原生开源战略规划制定，参与开源项目顶层架构设计' at line 1")
2022-05-23 22:22:51 [Tencent.pipelines] ERROR: (1064, "You have an error in your SQL syntax; check the manual that corresponds to your MySQL server version for the right syntax to use near '精通2B领域SAAS应用建设，能结合业务诉求，系统性的完成HR IT' at line 1")
2022-05-23 22:22:51 [Tencent.pipelines] ERROR: (1064, "You have an error in your SQL syntax; check the manual that corresponds to your MySQL server version for the right syntax to use near '负责腾讯自研存储服务器存储芯片FW的架构定义，方案设计，' at line 1")
2022-05-23 22:22:51 [Tencent.pipelines] ERROR: (1064, "You have an error in your SQL syntax; check the manual that corresponds to your MySQL server version for the right syntax to use near '负责在线存储数据库（redis/mysql）的日常管理维护\n2. 负责在' at line 1")
2022-05-23 22:22:51 [Tencent.pipelines] ERROR: (1064, "You have an error in your SQL syntax; check the manual that corresponds to your MySQL server version for the right syntax to use near '负责腾讯云域名产品（DNSPod）或 备案系统 或 DiscuzQ 或 开源' at line 1")
2022-05-23 22:22:51 [Tencent.pipelines] ERROR: (1064, "You have an error in your SQL syntax; check the manual that corresponds to your MySQL server version for the right syntax to use near '负责相关业务的数据应用梳理、数据工具建设以及流程优化' at line 2")
2022-05-23 22:22:51 [Tencent.pipelines] ERROR: (1064, "You have an error in your SQL syntax; check the manual that corresponds to your MySQL server version for the right syntax to use near '1、办公协同软件后台开发；\n2、办公协同软件运营平台开发' at line 2")
2022-05-23 22:22:51 [Tencent.pipelines] ERROR: (1064, "You have an error in your SQL syntax; check the manual that corresponds to your MySQL server version for the right syntax to use near '1、办公协同软件后台开发；\n2、办公协同软件运营平台开发' at line 2")
2022-05-23 22:22:51 [Tencent.pipelines] ERROR: (1064, "You have an error in your SQL syntax; check the manual that corresponds to your MySQL server version for the right syntax to use near '1、办公协同软件后台开发；\n2、办公协同软件运营平台开发' at line 2")
2022-05-23 22:22:51 [Tencent.pipelines] ERROR: (1064, "You have an error in your SQL syntax; check the manual that corresponds to your MySQL server version for the right syntax to use near '熟练使用PHP/python/golang/java/c++ 中一种语言，以PHP为例：熟悉' at line 2")
2022-05-23 22:22:51 [Tencent.pipelines] ERROR: (1064, "You have an error in your SQL syntax; check the manual that corresponds to your MySQL server version for the right syntax to use near '1、办公协同软件后台开发；\n2、办公协同软件运营平台开发' at line 2")
2022-05-23 22:22:51 [Tencent.pipelines] ERROR: (1064, "You have an error in your SQL syntax; check the manual that corresponds to your MySQL server version for the right syntax to use near '* 负责腾讯云云硬盘和快照的后台管理系统的架构设计和开发' at line 1")
2022-05-23 22:22:51 [Tencent.pipelines] ERROR: (1064, "You have an error in your SQL syntax; check the manual that corresponds to your MySQL server version for the right syntax to use near '2、负责页面相关的接入层的开发（nodejs）；\n3、负责前端框' at line 2")
2022-05-23 22:22:51 [Tencent.pipelines] ERROR: (1064, "You have an error in your SQL syntax; check the manual that corresponds to your MySQL server version for the right syntax to use near '负责云SaaS平台服务层、云边端创新应用开发等工作；\n负责Saa' at line 2")
2022-05-23 22:22:51 [Tencent.pipelines] ERROR: (1064, "You have an error in your SQL syntax; check the manual that corresponds to your MySQL server version for the right syntax to use near '原子能力在公有云、私有化、TI-ONE等环境运维支持（接口迁' at line 2")
2022-05-23 22:22:51 [Tencent.pipelines] ERROR: (1064, "You have an error in your SQL syntax; check the manual that corresponds to your MySQL server version for the right syntax to use near 'SDK 高级开发工程师（CSIG全资子公司）,负责腾讯云AI核身SDK产' at line 1")
2022-05-23 22:22:51 [Tencent.pipelines] ERROR: (1064, "You have an error in your SQL syntax; check the manual that corresponds to your MySQL server version for the right syntax to use near '熟悉常用数据结构和算法，熟练掌握Java开发语言, 熟悉Linux系' at line 2")
2022-05-23 22:22:51 [Tencent.pipelines] ERROR: (1064, "You have an error in your SQL syntax; check the manual that corresponds to your MySQL server version for the right syntax to use near '负责腾讯云AI应用平台平台、运营\\运维系统开发工作；\n2.负' at line 1")
2022-05-23 22:22:51 [Tencent.pipelines] ERROR: (1064, "You have an error in your SQL syntax; check the manual that corresponds to your MySQL server version for the right syntax to use near '* 负责腾讯云云硬盘和快照的后台管理系统的架构设计和开发' at line 1")
2022-05-23 22:22:51 [Tencent.pipelines] ERROR: (1064, "You have an error in your SQL syntax; check the manual that corresponds to your MySQL server version for the right syntax to use near '3年以上后台开发经验，编程能力扎实，代码风格良好，熟悉J' at line 2")
2022-05-23 22:22:51 [Tencent.pipelines] ERROR: (1064, "You have an error in your SQL syntax; check the manual that corresponds to your MySQL server version for the right syntax to use near '2、负责根据不同的算法模型，上报业务需要的统计数据，协' at line 2")
2022-05-23 22:22:51 [Tencent.pipelines] ERROR: (1064, "You have an error in your SQL syntax; check the manual that corresponds to your MySQL server version for the right syntax to use near '2、负责腾讯云账号相关运营工具的建设。,1、本科及以上学' at line 2")
2022-05-23 22:22:51 [Tencent.pipelines] ERROR: (1064, "You have an error in your SQL syntax; check the manual that corresponds to your MySQL server version for the right syntax to use near '2、负责质量相关关键指标的持续分析和运营、用指标促进能' at line 2")
2022-05-23 22:22:51 [Tencent.pipelines] ERROR: (1064, "You have an error in your SQL syntax; check the manual that corresponds to your MySQL server version for the right syntax to use near '挖掘并跟进系统性能、稳定性、可靠性等的优化，持续保障' at line 2")
2022-05-23 22:22:51 [Tencent.pipelines] ERROR: (1064, "You have an error in your SQL syntax; check the manual that corresponds to your MySQL server version for the right syntax to use near '2、协助产品、运营团队，保障产品和服务的稳定性；\n3、负' at line 2")
2022-05-23 22:22:51 [Tencent.pipelines] ERROR: (1064, "You have an error in your SQL syntax; check the manual that corresponds to your MySQL server version for the right syntax to use near '（CSIG长沙全资子公司）,1. 负责腾讯云域名产品（DNSPod）的系' at line 1")
2022-05-23 22:22:51 [Tencent.pipelines] ERROR: (1064, "You have an error in your SQL syntax; check the manual that corresponds to your MySQL server version for the right syntax to use near '（武汉）,负责专有云块存储/文件存储/日志存储产品功能研' at line 1")
2022-05-23 22:22:51 [Tencent.pipelines] ERROR: (1064, "You have an error in your SQL syntax; check the manual that corresponds to your MySQL server version for the right syntax to use near '1.负责腾讯云帐号权限、基础安全、消息文档等相关产品的后' at line 1")
2022-05-23 22:22:51 [Tencent.pipelines] ERROR: (1064, "You have an error in your SQL syntax; check the manual that corresponds to your MySQL server version for the right syntax to use near '（CSIG全资子公司）（武汉）,1.负责腾讯日志服务(CLS, Cloud Log ' at line 1")
2022-05-23 22:22:51 [Tencent.pipelines] ERROR: (1064, "You have an error in your SQL syntax; check the manual that corresponds to your MySQL server version for the right syntax to use near '负责游戏系统设计、实现，逻辑开发及调优工作；\n负责游戏' at line 2")
2022-05-23 22:22:51 [Tencent.pipelines] ERROR: (1064, "You have an error in your SQL syntax; check the manual that corresponds to your MySQL server version for the right syntax to use near '深入了解互联网企业的业务场景与架构,与客户运维/IT,应用架' at line 1")
2022-05-23 22:22:51 [Tencent.pipelines] ERROR: (1064, "You have an error in your SQL syntax; check the manual that corresponds to your MySQL server version for the right syntax to use near '负责腾讯云数据库的自动化运维和改进，推动提升腾讯云云' at line 2")
2022-05-23 22:22:51 [Tencent.pipelines] ERROR: (1064, "You have an error in your SQL syntax; check the manual that corresponds to your MySQL server version for the right syntax to use near '（CSIG全资子公司）（西安）,1.负责腾讯日志服务(CLS, Cloud Log ' at line 1")
2022-05-23 22:22:51 [Tencent.pipelines] ERROR: (1064, "You have an error in your SQL syntax; check the manual that corresponds to your MySQL server version for the right syntax to use near '研究和探索前端新技术，能帮助团队建立对前端新技术的引' at line 2")
2022-05-23 22:22:51 [Tencent.pipelines] ERROR: (1064, "You have an error in your SQL syntax; check the manual that corresponds to your MySQL server version for the right syntax to use near '负责文档客户端高性能渲染和离线数据处理开发\n为业务代码' at line 2")
2022-05-23 22:22:51 [Tencent.pipelines] ERROR: (1064, "You have an error in your SQL syntax; check the manual that corresponds to your MySQL server version for the right syntax to use near '2、负责运营管理平台的web前后端架构/代码层面的专项分析优' at line 2")
2022-05-23 22:22:51 [Tencent.pipelines] ERROR: (1064, "You have an error in your SQL syntax; check the manual that corresponds to your MySQL server version for the right syntax to use near '2、负责运营管理平台的web前后端架构/代码层面的专项分析优' at line 2")
2022-05-23 22:22:51 [Tencent.pipelines] ERROR: (1064, "You have an error in your SQL syntax; check the manual that corresponds to your MySQL server version for the right syntax to use near 'Kubernetes 和容器运行时（docker、containerd、runc 等）系统设计与' at line 1")
2022-05-23 22:22:51 [Tencent.pipelines] ERROR: (1064, "You have an error in your SQL syntax; check the manual that corresponds to your MySQL server version for the right syntax to use near '了解行业相关领域的发展，包括新的编程语言的设计特点和' at line 1")
2022-05-23 22:22:51 [Tencent.pipelines] ERROR: (1064, "You have an error in your SQL syntax; check the manual that corresponds to your MySQL server version for the right syntax to use near '客户端程序(上海),负责动作射击游戏玩法相关内容的研发；\n' at line 1")
2022-05-23 22:22:51 [Tencent.pipelines] ERROR: (1064, "You have an error in your SQL syntax; check the manual that corresponds to your MySQL server version for the right syntax to use near '1. 负责CSIG经营管理平台云知系统后台相关设计与研发；\n2. 负' at line 1")
2022-05-23 22:22:51 [Tencent.pipelines] ERROR: (1064, "You have an error in your SQL syntax; check the manual that corresponds to your MySQL server version for the right syntax to use near '1. 负责CSIG经营管理平台云知系统后台相关设计与研发；\n2. 负' at line 1")
2022-05-23 22:22:51 [Tencent.pipelines] ERROR: (1064, "You have an error in your SQL syntax; check the manual that corresponds to your MySQL server version for the right syntax to use near 'Scientist）,利用定量分析、数据挖掘的专业知识，洞察数据背' at line 1")
2022-05-23 22:22:51 [Tencent.pipelines] ERROR: (1064, "You have an error in your SQL syntax; check the manual that corresponds to your MySQL server version for the right syntax to use near '深圳/上海,负责预研游戏项目后台部分架构设计； \n负责预研' at line 1")
2022-05-23 22:22:51 [Tencent.pipelines] ERROR: (1064, "You have an error in your SQL syntax; check the manual that corresponds to your MySQL server version for the right syntax to use near '负责腾讯游戏流量中台离线/实时计算等相关工作，并能优化' at line 2")
2022-05-23 22:22:51 [Tencent.pipelines] ERROR: (1064, "You have an error in your SQL syntax; check the manual that corresponds to your MySQL server version for the right syntax to use near '引擎工程师,1、针对项目的特点，对引擎进行深度的定制化开' at line 1")
2022-05-23 22:22:51 [Tencent.pipelines] ERROR: (1064, "You have an error in your SQL syntax; check the manual that corresponds to your MySQL server version for the right syntax to use near 'UE 引擎的基础上，实现或优化图形算法\n2、协助游戏项目提升' at line 1")
2022-05-23 22:22:51 [Tencent.pipelines] ERROR: (1064, "You have an error in your SQL syntax; check the manual that corresponds to your MySQL server version for the right syntax to use near '针对需求定制增改Unity引擎底层功能，开发引擎相关特性（光' at line 2")
2022-05-23 22:22:51 [Tencent.pipelines] ERROR: (1064, "You have an error in your SQL syntax; check the manual that corresponds to your MySQL server version for the right syntax to use near '负责顶视角3D手游相关的技术预研与开发落地，沉淀可复用的' at line 1")
2022-05-23 22:22:51 [Tencent.pipelines] ERROR: (1064, "You have an error in your SQL syntax; check the manual that corresponds to your MySQL server version for the right syntax to use near '负责安全产品的架构设计、模块设计、以及后台研发工作\n2. ' at line 1")
2022-05-23 22:22:51 [Tencent.pipelines] ERROR: (1064, "You have an error in your SQL syntax; check the manual that corresponds to your MySQL server version for the right syntax to use near '应用开发工程师,负责需求分析并编写需求分析文档；\n负责系' at line 1")
2022-05-23 22:24:00 [Tencent.pipelines] ERROR: (1064, "You have an error in your SQL syntax; check the manual that corresponds to your MySQL server version for the right syntax to use near '负责腾讯云开源和自研数据库（OLTP/OLAP）的架构设计和后台' at line 1")
2022-05-23 22:24:00 [Tencent.pipelines] ERROR: (1064, "You have an error in your SQL syntax; check the manual that corresponds to your MySQL server version for the right syntax to use near '负责系统架构、开发框架和开发工具的建设与优化；\n负责系' at line 2")
2022-05-23 22:24:00 [Tencent.pipelines] ERROR: (1064, "You have an error in your SQL syntax; check the manual that corresponds to your MySQL server version for the right syntax to use near '负责腾讯云开源和自研数据库（OLTP/OLAP）的架构设计和后台' at line 1")
2022-05-23 22:24:00 [Tencent.pipelines] ERROR: (1064, "You have an error in your SQL syntax; check the manual that corresponds to your MySQL server version for the right syntax to use near '2、协助客户完成专有云平台的性能优化，性能提升，版本升' at line 2")
2022-05-23 22:24:00 [Tencent.pipelines] ERROR: (1064, "You have an error in your SQL syntax; check the manual that corresponds to your MySQL server version for the right syntax to use near '撰写产品文档、解决方案，对其他团队进行赋能； \n沟通客户' at line 2")
2022-05-23 22:24:00 [Tencent.pipelines] ERROR: (1064, "You have an error in your SQL syntax; check the manual that corresponds to your MySQL server version for the right syntax to use near '负责游戏服务器的架构设计以及调优；\n负责游戏服务器的整' at line 2")
2022-05-23 22:24:00 [Tencent.pipelines] ERROR: (1064, "You have an error in your SQL syntax; check the manual that corresponds to your MySQL server version for the right syntax to use near '游戏相关引擎功能的修改和扩展，及游戏相关工具链的开发' at line 2")
2022-05-23 22:24:00 [Tencent.pipelines] ERROR: (1064, "You have an error in your SQL syntax; check the manual that corresponds to your MySQL server version for the right syntax to use near '与产品、设计、后端等上下游团队紧密配合构建技术通路； \n' at line 2")
2022-05-23 22:24:00 [Tencent.pipelines] ERROR: (1064, "You have an error in your SQL syntax; check the manual that corresponds to your MySQL server version for the right syntax to use near '（深圳）,负责游戏中引擎特性的研发，根据需求定制引擎底' at line 1")
2022-05-23 22:24:00 [Tencent.pipelines] ERROR: (1064, "You have an error in your SQL syntax; check the manual that corresponds to your MySQL server version for the right syntax to use near '负责游戏中的关键技术预研，快速学习、掌握相关技术方案' at line 2")
2022-05-23 22:24:00 [Tencent.pipelines] ERROR: (1064, "You have an error in your SQL syntax; check the manual that corresponds to your MySQL server version for the right syntax to use near '2、负责根据不同的算法模型，上报业务需要的统计数据，协' at line 2")
2022-05-23 22:24:00 [Tencent.pipelines] ERROR: (1064, "You have an error in your SQL syntax; check the manual that corresponds to your MySQL server version for the right syntax to use near '3年以上后台开发经验，编程能力扎实，代码风格良好，熟悉J' at line 2")
2022-05-23 22:24:00 [Tencent.pipelines] ERROR: (1064, "You have an error in your SQL syntax; check the manual that corresponds to your MySQL server version for the right syntax to use near '2、负责质量相关关键指标的持续分析和运营、用指标促进能' at line 2")
2022-05-23 22:24:00 [Tencent.pipelines] ERROR: (1064, "You have an error in your SQL syntax; check the manual that corresponds to your MySQL server version for the right syntax to use near '负责云SaaS平台服务层、云边端创新应用开发等工作；\n负责Saa' at line 2")
2022-05-23 22:24:00 [Tencent.pipelines] ERROR: (1064, "You have an error in your SQL syntax; check the manual that corresponds to your MySQL server version for the right syntax to use near '2、协助产品、运营团队，保障产品和服务的稳定性；\n3、负' at line 2")
2022-05-23 22:24:00 [Tencent.pipelines] ERROR: (1064, "You have an error in your SQL syntax; check the manual that corresponds to your MySQL server version for the right syntax to use near '熟悉常用数据结构和算法，熟练掌握Java开发语言, 熟悉Linux系' at line 2")
2022-05-23 22:24:00 [Tencent.pipelines] ERROR: (1064, "You have an error in your SQL syntax; check the manual that corresponds to your MySQL server version for the right syntax to use near '1.负责腾讯云帐号权限、基础安全、消息文档等相关产品的后' at line 1")
2022-05-23 22:24:00 [Tencent.pipelines] ERROR: (1064, "You have an error in your SQL syntax; check the manual that corresponds to your MySQL server version for the right syntax to use near '挖掘并跟进系统性能、稳定性、可靠性等的优化，持续保障' at line 2")
2022-05-23 22:24:00 [Tencent.pipelines] ERROR: (1064, "You have an error in your SQL syntax; check the manual that corresponds to your MySQL server version for the right syntax to use near '2、负责腾讯云账号相关运营工具的建设。,1、本科及以上学' at line 2")
2022-05-23 22:24:00 [Tencent.pipelines] ERROR: (1064, "You have an error in your SQL syntax; check the manual that corresponds to your MySQL server version for the right syntax to use near '（CSIG长沙全资子公司）,1. 负责腾讯云域名产品（DNSPod）的系' at line 1")
2022-05-23 22:24:00 [Tencent.pipelines] ERROR: (1064, "You have an error in your SQL syntax; check the manual that corresponds to your MySQL server version for the right syntax to use near '了解行业相关领域的发展，包括新的编程语言的设计特点和' at line 1")
2022-05-23 22:24:01 [Tencent.pipelines] ERROR: (1064, "You have an error in your SQL syntax; check the manual that corresponds to your MySQL server version for the right syntax to use near '1. 负责CSIG经营管理平台云知系统后台相关设计与研发；\n2. 负' at line 1")
2022-05-23 22:24:01 [Tencent.pipelines] ERROR: (1064, "You have an error in your SQL syntax; check the manual that corresponds to your MySQL server version for the right syntax to use near 'Kubernetes 和容器运行时（docker、containerd、runc 等）系统设计与' at line 1")
2022-05-23 22:24:01 [Tencent.pipelines] ERROR: (1064, "You have an error in your SQL syntax; check the manual that corresponds to your MySQL server version for the right syntax to use near '客户端程序(上海),负责动作射击游戏玩法相关内容的研发；\n' at line 1")
2022-05-23 22:24:01 [Tencent.pipelines] ERROR: (1064, "You have an error in your SQL syntax; check the manual that corresponds to your MySQL server version for the right syntax to use near '1. 负责CSIG经营管理平台云知系统后台相关设计与研发；\n2. 负' at line 1")
2022-05-23 22:24:01 [Tencent.pipelines] ERROR: (1064, "You have an error in your SQL syntax; check the manual that corresponds to your MySQL server version for the right syntax to use near 'Scientist）,利用定量分析、数据挖掘的专业知识，洞察数据背' at line 1")
2022-05-23 22:24:01 [Tencent.pipelines] ERROR: (1064, "You have an error in your SQL syntax; check the manual that corresponds to your MySQL server version for the right syntax to use near '（武汉）,负责专有云块存储/文件存储/日志存储产品功能研' at line 1")
2022-05-23 22:24:01 [Tencent.pipelines] ERROR: (1064, "You have an error in your SQL syntax; check the manual that corresponds to your MySQL server version for the right syntax to use near '根据云计算平台的业务需求，完成腾讯云中间件产品的架构' at line 2")
2022-05-23 22:24:01 [Tencent.pipelines] ERROR: (1064, "You have an error in your SQL syntax; check the manual that corresponds to your MySQL server version for the right syntax to use near '参与云原生开源战略规划制定，参与开源项目顶层架构设计' at line 1")
2022-05-23 22:24:01 [Tencent.pipelines] ERROR: (1064, "You have an error in your SQL syntax; check the manual that corresponds to your MySQL server version for the right syntax to use near '与策划、美术密切配合，进行各种必要的尝试和探索，以使' at line 2")
2022-05-23 22:24:01 [Tencent.pipelines] ERROR: (1064, "You have an error in your SQL syntax; check the manual that corresponds to your MySQL server version for the right syntax to use near 'DevOps 研发工程师（CSIG子公司）（ 西安/武汉）,腾讯云专有云' at line 1")
2022-05-23 22:24:01 [Tencent.pipelines] ERROR: (1064, "You have an error in your SQL syntax; check the manual that corresponds to your MySQL server version for the right syntax to use near '负责腾讯自研存储服务器存储芯片FW的架构定义，方案设计，' at line 1")
2022-05-23 22:24:01 [Tencent.pipelines] ERROR: (1064, "You have an error in your SQL syntax; check the manual that corresponds to your MySQL server version for the right syntax to use near '精通2B领域SAAS应用建设，能结合业务诉求，系统性的完成HR IT' at line 1")
2022-05-23 22:24:01 [Tencent.pipelines] ERROR: (1064, "You have an error in your SQL syntax; check the manual that corresponds to your MySQL server version for the right syntax to use near '负责在线存储数据库（redis/mysql）的日常管理维护\n2. 负责在' at line 1")
2022-05-23 22:24:01 [Tencent.pipelines] ERROR: (1064, "You have an error in your SQL syntax; check the manual that corresponds to your MySQL server version for the right syntax to use near '原子能力在公有云、私有化、TI-ONE等环境运维支持（接口迁' at line 2")
2022-05-23 22:24:01 [Tencent.pipelines] ERROR: (1064, "You have an error in your SQL syntax; check the manual that corresponds to your MySQL server version for the right syntax to use near '负责腾讯云AI应用平台平台、运营\\运维系统开发工作；\n2.负' at line 1")
2022-05-23 22:24:01 [Tencent.pipelines] ERROR: (1064, "You have an error in your SQL syntax; check the manual that corresponds to your MySQL server version for the right syntax to use near '（CSIG全资子公司）（西安）,1.负责腾讯日志服务(CLS, Cloud Log ' at line 1")
2022-05-23 22:24:01 [Tencent.pipelines] ERROR: (1064, "You have an error in your SQL syntax; check the manual that corresponds to your MySQL server version for the right syntax to use near 'SDK 高级开发工程师（CSIG全资子公司）,负责腾讯云AI核身SDK产' at line 1")
2022-05-23 22:24:01 [Tencent.pipelines] ERROR: (1064, "You have an error in your SQL syntax; check the manual that corresponds to your MySQL server version for the right syntax to use near '深入了解互联网企业的业务场景与架构,与客户运维/IT,应用架' at line 1")
2022-05-23 22:24:01 [Tencent.pipelines] ERROR: (1064, "You have an error in your SQL syntax; check the manual that corresponds to your MySQL server version for the right syntax to use near '2、负责运营管理平台的web前后端架构/代码层面的专项分析优' at line 2")
2022-05-23 22:24:01 [Tencent.pipelines] ERROR: (1064, "You have an error in your SQL syntax; check the manual that corresponds to your MySQL server version for the right syntax to use near '研究和探索前端新技术，能帮助团队建立对前端新技术的引' at line 2")
2022-05-23 22:24:01 [Tencent.pipelines] ERROR: (1064, "You have an error in your SQL syntax; check the manual that corresponds to your MySQL server version for the right syntax to use near '2、负责运营管理平台的web前后端架构/代码层面的专项分析优' at line 2")
2022-05-23 22:24:01 [Tencent.pipelines] ERROR: (1064, "You have an error in your SQL syntax; check the manual that corresponds to your MySQL server version for the right syntax to use near '负责游戏系统设计、实现，逻辑开发及调优工作；\n负责游戏' at line 2")
2022-05-23 22:24:01 [Tencent.pipelines] ERROR: (1064, "You have an error in your SQL syntax; check the manual that corresponds to your MySQL server version for the right syntax to use near '负责腾讯云数据库的自动化运维和改进，推动提升腾讯云云' at line 2")
2022-05-23 22:24:01 [Tencent.pipelines] ERROR: (1064, "You have an error in your SQL syntax; check the manual that corresponds to your MySQL server version for the right syntax to use near '（CSIG全资子公司）（武汉）,1.负责腾讯日志服务(CLS, Cloud Log ' at line 1")
2022-05-23 22:24:01 [Tencent.pipelines] ERROR: (1064, "You have an error in your SQL syntax; check the manual that corresponds to your MySQL server version for the right syntax to use near '负责文档客户端高性能渲染和离线数据处理开发\n为业务代码' at line 2")
2022-05-23 22:24:01 [Tencent.pipelines] ERROR: (1064, "You have an error in your SQL syntax; check the manual that corresponds to your MySQL server version for the right syntax to use near '2、负责页面相关的接入层的开发（nodejs）；\n3、负责前端框' at line 2")
2022-05-23 22:24:01 [Tencent.pipelines] ERROR: (1064, "You have an error in your SQL syntax; check the manual that corresponds to your MySQL server version for the right syntax to use near '1、办公协同软件后台开发；\n2、办公协同软件运营平台开发' at line 2")
2022-05-23 22:24:01 [Tencent.pipelines] ERROR: (1064, "You have an error in your SQL syntax; check the manual that corresponds to your MySQL server version for the right syntax to use near '1、办公协同软件后台开发；\n2、办公协同软件运营平台开发' at line 2")
2022-05-23 22:24:01 [Tencent.pipelines] ERROR: (1064, "You have an error in your SQL syntax; check the manual that corresponds to your MySQL server version for the right syntax to use near '负责相关业务的数据应用梳理、数据工具建设以及流程优化' at line 2")
2022-05-23 22:24:01 [Tencent.pipelines] ERROR: (1064, "You have an error in your SQL syntax; check the manual that corresponds to your MySQL server version for the right syntax to use near '负责腾讯云域名产品（DNSPod）或 备案系统 或 DiscuzQ 或 开源' at line 1")
2022-05-23 22:24:01 [Tencent.pipelines] ERROR: (1064, "You have an error in your SQL syntax; check the manual that corresponds to your MySQL server version for the right syntax to use near '1、办公协同软件后台开发；\n2、办公协同软件运营平台开发' at line 2")
2022-05-23 22:24:01 [Tencent.pipelines] ERROR: (1064, "You have an error in your SQL syntax; check the manual that corresponds to your MySQL server version for the right syntax to use near '1、办公协同软件后台开发；\n2、办公协同软件运营平台开发' at line 2")
2022-05-23 22:24:01 [Tencent.pipelines] ERROR: (1064, "You have an error in your SQL syntax; check the manual that corresponds to your MySQL server version for the right syntax to use near '熟练使用PHP/python/golang/java/c++ 中一种语言，以PHP为例：熟悉' at line 2")
2022-05-23 22:24:01 [Tencent.pipelines] ERROR: (1064, "You have an error in your SQL syntax; check the manual that corresponds to your MySQL server version for the right syntax to use near '运营分析、监控告警、运维自动化等平台及其组件的设计、' at line 1")
2022-05-23 22:24:01 [Tencent.pipelines] ERROR: (1064, "You have an error in your SQL syntax; check the manual that corresponds to your MySQL server version for the right syntax to use near '* 负责腾讯云云硬盘和快照的后台管理系统的架构设计和开发' at line 1")
2022-05-23 22:24:01 [Tencent.pipelines] ERROR: (1064, "You have an error in your SQL syntax; check the manual that corresponds to your MySQL server version for the right syntax to use near '负责分布式存储系统平台的研发\n2. 跟进现网运营质量问题、' at line 1")
2022-05-23 22:24:01 [Tencent.pipelines] ERROR: (1064, "You have an error in your SQL syntax; check the manual that corresponds to your MySQL server version for the right syntax to use near '负责渲染流程以及算法的优化，保障产品的渲染性能；\n负责' at line 2")
2022-05-23 22:24:01 [Tencent.pipelines] ERROR: (1064, "You have an error in your SQL syntax; check the manual that corresponds to your MySQL server version for the right syntax to use near '* 负责腾讯云云硬盘和快照的后台管理系统的架构设计和开发' at line 1")
2022-05-23 22:24:01 [Tencent.pipelines] ERROR: (1064, "You have an error in your SQL syntax; check the manual that corresponds to your MySQL server version for the right syntax to use near '负责实现突破web多终端设备限制，为更多用户群体提供更好' at line 2")
2022-05-23 22:24:01 [Tencent.pipelines] ERROR: (1064, "You have an error in your SQL syntax; check the manual that corresponds to your MySQL server version for the right syntax to use near '分析理解项目开发中不同部门在研发流程上的痛点，一起探' at line 1")
2022-05-23 22:24:01 [Tencent.pipelines] ERROR: (1064, "You have an error in your SQL syntax; check the manual that corresponds to your MySQL server version for the right syntax to use near '负责腾讯云计算产品：CVM/CDH/AS/LH 等基础产品的开发和维护工' at line 1")
2022-05-23 22:24:01 [Tencent.pipelines] ERROR: (1064, "You have an error in your SQL syntax; check the manual that corresponds to your MySQL server version for the right syntax to use near '针对需求定制增改Unity引擎底层功能，开发引擎相关特性（光' at line 2")
2022-05-23 22:24:01 [Tencent.pipelines] ERROR: (1064, "You have an error in your SQL syntax; check the manual that corresponds to your MySQL server version for the right syntax to use near '应用开发工程师,负责需求分析并编写需求分析文档；\n负责系' at line 1")
2022-05-23 22:24:01 [Tencent.pipelines] ERROR: (1064, "You have an error in your SQL syntax; check the manual that corresponds to your MySQL server version for the right syntax to use near '负责安全产品的架构设计、模块设计、以及后台研发工作\n2. ' at line 1")
2022-05-23 22:24:01 [Tencent.pipelines] ERROR: (1064, "You have an error in your SQL syntax; check the manual that corresponds to your MySQL server version for the right syntax to use near '负责顶视角3D手游相关的技术预研与开发落地，沉淀可复用的' at line 1")
2022-05-23 22:24:01 [Tencent.pipelines] ERROR: (1064, "You have an error in your SQL syntax; check the manual that corresponds to your MySQL server version for the right syntax to use near 'UE 引擎的基础上，实现或优化图形算法\n2、协助游戏项目提升' at line 1")
2022-05-23 22:24:01 [Tencent.pipelines] ERROR: (1064, "You have an error in your SQL syntax; check the manual that corresponds to your MySQL server version for the right syntax to use near '引擎工程师,1、针对项目的特点，对引擎进行深度的定制化开' at line 1")
2022-05-23 22:24:01 [Tencent.pipelines] ERROR: (1064, "You have an error in your SQL syntax; check the manual that corresponds to your MySQL server version for the right syntax to use near '深圳/上海,负责预研游戏项目后台部分架构设计； \n负责预研' at line 1")
2022-05-23 22:24:01 [Tencent.pipelines] ERROR: (1064, "You have an error in your SQL syntax; check the manual that corresponds to your MySQL server version for the right syntax to use near '负责腾讯游戏流量中台离线/实时计算等相关工作，并能优化' at line 2")
2022-05-23 22:24:01 [Tencent.pipelines] ERROR: (1064, "You have an error in your SQL syntax; check the manual that corresponds to your MySQL server version for the right syntax to use near '2、开发UI组件库\n3、基于X5内核开发PoC Demo\n4、C2B产品小程序开' at line 2")
2022-05-23 22:24:01 [Tencent.pipelines] ERROR: (1064, "You have an error in your SQL syntax; check the manual that corresponds to your MySQL server version for the right syntax to use near '（CSIG全资子公司）,1.参与金融系统后端架构的设计与开发工' at line 1")
2022-05-23 22:24:01 [Tencent.pipelines] ERROR: (1064, "You have an error in your SQL syntax; check the manual that corresponds to your MySQL server version for the right syntax to use near '（西安）,1、负责腾讯云网络控制面开发，确保百万级VPC、亿' at line 1")
2022-05-23 22:24:01 [Tencent.pipelines] ERROR: (1064, "You have an error in your SQL syntax; check the manual that corresponds to your MySQL server version for the right syntax to use near '负责高并发服务开发、监控系统开发、海量数据处理集群建' at line 2")
2022-05-23 22:24:01 [Tencent.pipelines] ERROR: (1064, "You have an error in your SQL syntax; check the manual that corresponds to your MySQL server version for the right syntax to use near 'Lead（CSIG全资子公司）（武汉）,1、负责腾讯云网络专线等产' at line 1")
2022-05-23 22:24:01 [Tencent.pipelines] ERROR: (1064, "You have an error in your SQL syntax; check the manual that corresponds to your MySQL server version for the right syntax to use near 'Lead（CSIG全资子公司）（武汉）,负责腾讯云中间件微服务产' at line 1")
2022-05-23 22:24:01 [Tencent.pipelines] ERROR: (1064, "You have an error in your SQL syntax; check the manual that corresponds to your MySQL server version for the right syntax to use near '负责腾讯云网络产品的现网日常运营工作；\n2. 负责客户网络' at line 1")
2022-05-23 22:24:01 [Tencent.pipelines] ERROR: (1064, "You have an error in your SQL syntax; check the manual that corresponds to your MySQL server version for the right syntax to use near '负责腾讯云虚拟化网络运营/运维体系建设。\n,本科及以上学' at line 2")
2022-05-23 22:24:01 [Tencent.pipelines] ERROR: (1064, "You have an error in your SQL syntax; check the manual that corresponds to your MySQL server version for the right syntax to use near 'OpenStack ）；\n开发和维护运行在数十万宿主机上的虚拟化 Agent' at line 1")
2022-05-23 22:24:01 [Tencent.pipelines] ERROR: (1064, "You have an error in your SQL syntax; check the manual that corresponds to your MySQL server version for the right syntax to use near 'Lead（CSIG全资子公司）（武汉）,1、负责腾讯云网络控制面开' at line 1")
2022-05-23 22:25:58 [Tencent.pipelines] ERROR: (1406, "Data too long for column 'requests' at row 1")
2022-05-23 22:25:58 [Tencent.pipelines] ERROR: (1406, "Data too long for column 'requests' at row 1")
2022-05-23 22:25:58 [Tencent.pipelines] ERROR: (1406, "Data too long for column 'requests' at row 1")
2022-05-23 22:25:58 [Tencent.pipelines] ERROR: (1406, "Data too long for column 'requests' at row 1")
2022-05-23 22:25:58 [Tencent.pipelines] ERROR: (1406, "Data too long for column 'requests' at row 1")
2022-05-23 22:25:58 [Tencent.pipelines] ERROR: (1406, "Data too long for column 'requests' at row 1")
2022-05-23 22:25:58 [Tencent.pipelines] ERROR: (1406, "Data too long for column 'requests' at row 1")
2022-05-23 22:25:58 [Tencent.pipelines] ERROR: (1406, "Data too long for column 'requests' at row 1")
2022-05-23 22:25:58 [Tencent.pipelines] ERROR: (1406, "Data too long for column 'requests' at row 1")
2022-05-23 22:25:58 [Tencent.pipelines] ERROR: (1406, "Data too long for column 'requests' at row 1")
2022-05-23 22:25:58 [Tencent.pipelines] ERROR: (1406, "Data too long for column 'requests' at row 1")
2022-05-23 22:25:58 [Tencent.pipelines] ERROR: (1406, "Data too long for column 'requests' at row 1")
2022-05-23 22:25:58 [Tencent.pipelines] ERROR: (1406, "Data too long for column 'requests' at row 1")
2022-05-23 22:25:58 [Tencent.pipelines] ERROR: (1406, "Data too long for column 'duty' at row 1")
2022-05-23 22:25:58 [Tencent.pipelines] ERROR: (1406, "Data too long for column 'requests' at row 1")
2022-05-23 22:25:58 [Tencent.pipelines] ERROR: (1406, "Data too long for column 'duty' at row 1")
2022-05-23 22:25:58 [Tencent.pipelines] ERROR: (1406, "Data too long for column 'requests' at row 1")
2022-05-23 22:25:58 [Tencent.pipelines] ERROR: (1406, "Data too long for column 'requests' at row 1")
2022-05-23 22:25:58 [Tencent.pipelines] ERROR: (1406, "Data too long for column 'requests' at row 1")
2022-05-23 22:25:58 [Tencent.pipelines] ERROR: (1406, "Data too long for column 'requests' at row 1")
2022-05-23 22:25:58 [Tencent.pipelines] ERROR: (1406, "Data too long for column 'requests' at row 1")
2022-05-23 22:25:58 [Tencent.pipelines] ERROR: (1406, "Data too long for column 'requests' at row 1")
2022-05-23 22:25:58 [Tencent.pipelines] ERROR: (1406, "Data too long for column 'requests' at row 1")
2022-05-23 22:25:58 [Tencent.pipelines] ERROR: (1406, "Data too long for column 'requests' at row 1")
2022-05-23 22:25:58 [Tencent.pipelines] ERROR: (1406, "Data too long for column 'duty' at row 1")
2022-05-23 22:25:58 [Tencent.pipelines] ERROR: (1406, "Data too long for column 'duty' at row 1")
2022-05-23 22:25:58 [Tencent.pipelines] ERROR: (1406, "Data too long for column 'requests' at row 1")
2022-05-23 22:25:58 [Tencent.pipelines] ERROR: (1406, "Data too long for column 'requests' at row 1")
2022-05-23 22:26:34 [Tencent.pipelines] ERROR: (1406, "Data too long for column 'requests' at row 1")
2022-05-23 22:26:34 [Tencent.pipelines] ERROR: (1406, "Data too long for column 'requests' at row 1")
2022-05-23 22:26:34 [Tencent.pipelines] ERROR: (1406, "Data too long for column 'requests' at row 1")
2022-05-23 22:26:34 [Tencent.pipelines] ERROR: (1406, "Data too long for column 'duty' at row 1")
2022-05-23 22:26:34 [Tencent.pipelines] ERROR: (1406, "Data too long for column 'requests' at row 1")
2022-05-23 22:26:34 [Tencent.pipelines] ERROR: (1406, "Data too long for column 'requests' at row 1")
2022-05-23 22:26:34 [Tencent.pipelines] ERROR: (1406, "Data too long for column 'requests' at row 1")
2022-05-23 22:26:34 [Tencent.pipelines] ERROR: (1406, "Data too long for column 'requests' at row 1")
2022-05-23 22:26:34 [Tencent.pipelines] ERROR: (1406, "Data too long for column 'requests' at row 1")
2022-05-23 22:26:34 [Tencent.pipelines] ERROR: (1406, "Data too long for column 'requests' at row 1")
2022-05-23 22:26:34 [Tencent.pipelines] ERROR: (1406, "Data too long for column 'requests' at row 1")
2022-05-23 22:26:34 [Tencent.pipelines] ERROR: (1406, "Data too long for column 'requests' at row 1")
2022-05-23 22:26:34 [Tencent.pipelines] ERROR: (1406, "Data too long for column 'requests' at row 1")
2022-05-23 22:26:34 [Tencent.pipelines] ERROR: (1406, "Data too long for column 'duty' at row 1")
2022-05-23 22:26:34 [Tencent.pipelines] ERROR: (1406, "Data too long for column 'requests' at row 1")
2022-05-23 22:26:34 [Tencent.pipelines] ERROR: (1406, "Data too long for column 'requests' at row 1")
2022-05-23 22:26:34 [Tencent.pipelines] ERROR: (1406, "Data too long for column 'requests' at row 1")
2022-05-23 22:26:34 [Tencent.pipelines] ERROR: (1406, "Data too long for column 'requests' at row 1")
2022-05-23 22:26:34 [Tencent.pipelines] ERROR: (1406, "Data too long for column 'requests' at row 1")
2022-05-23 22:26:34 [Tencent.pipelines] ERROR: (1406, "Data too long for column 'requests' at row 1")
2022-05-23 22:26:34 [Tencent.pipelines] ERROR: (1406, "Data too long for column 'requests' at row 1")
2022-05-23 22:26:34 [Tencent.pipelines] ERROR: (1406, "Data too long for column 'duty' at row 1")
2022-05-23 22:26:34 [Tencent.pipelines] ERROR: (1406, "Data too long for column 'requests' at row 1")
2022-05-23 22:26:34 [Tencent.pipelines] ERROR: (1406, "Data too long for column 'requests' at row 1")
2022-05-23 22:26:34 [Tencent.pipelines] ERROR: (1406, "Data too long for column 'requests' at row 1")
2022-05-23 22:26:34 [Tencent.pipelines] ERROR: (1406, "Data too long for column 'requests' at row 1")
2022-05-23 22:26:34 [Tencent.pipelines] ERROR: (1406, "Data too long for column 'duty' at row 1")
2022-05-23 22:26:34 [Tencent.pipelines] ERROR: (1406, "Data too long for column 'requests' at row 1")
2022-05-23 22:29:33 [Tencent.pipelines] ERROR: (1406, "Data too long for column 'request' at row 1")
2022-05-23 22:29:33 [Tencent.pipelines] ERROR: (1406, "Data too long for column 'request' at row 1")
2022-05-23 22:30:47 [Tencent.pipelines] ERROR: (1406, "Data too long for column 'request' at row 1")
2022-05-23 22:30:47 [Tencent.pipelines] ERROR: (1406, "Data too long for column 'request' at row 1")
2022-05-23 22:36:10 [Tencent.pipelines] ERROR: (1406, "Data too long for column 'request' at row 1")
2022-05-23 22:36:10 [Tencent.pipelines] ERROR: (1406, "Data too long for column 'request' at row 1")
